#
# There is insufficient memory for the Java Runtime Environment to continue.
# Native memory allocation (mmap) failed to map 199229440 bytes for G1 virtual space
# Possible reasons:
#   The system is out of physical RAM or swap space
#   The process is running with CompressedOops enabled, and the Java Heap may be blocking the growth of the native heap
# Possible solutions:
#   Reduce memory load on the system
#   Increase physical memory or swap space
#   Check if swap backing store is full
#   Decrease Java heap size (-Xmx/-Xms)
#   Decrease number of Java threads
#   Decrease Java thread stack sizes (-Xss)
#   Set larger code cache with -XX:ReservedCodeCacheSize=
#   JVM is running with Zero Based Compressed Oops mode in which the Java heap is
#     placed in the first 32GB address space. The Java Heap base address is the
#     maximum limit for the native heap growth. Please use -XX:HeapBaseMinAddress
#     to set the Java Heap base and to place the Java Heap above 32GB virtual address.
# This output file may be truncated or incomplete.
#
#  Out of Memory Error (os_windows.cpp:3530), pid=19208, tid=15064
#
# JRE version:  (18.0.2+9) (build )
# Java VM: OpenJDK 64-Bit Server VM (18.0.2+9-61, mixed mode, sharing, tiered, compressed oops, compressed class ptrs, g1 gc, windows-amd64)
# No core dump will be written. Minidumps are not enabled by default on client versions of Windows
#

---------------  S U M M A R Y ------------

Command Line: -ea -Didea.test.cyclic.buffer.size=1048576 -javaagent:C:\Program Files\JetBrains\IntelliJ IDEA Community Edition 2021.1.2\lib\idea_rt.jar=52366:C:\Program Files\JetBrains\IntelliJ IDEA Community Edition 2021.1.2\bin -Dfile.encoding=UTF-8 com.intellij.rt.junit.JUnitStarter -ideVersion5 -junit5 com.hillel.berezhnoy.lesson14.ArrayUtilsTest,average

Host: Intel(R) Core(TM) i5-8300H CPU @ 2.30GHz, 8 cores, 11G,  Windows 10 , 64 bit Build 19041 (10.0.19041.1806)
Time: Thu Aug 11 18:31:44 2022 RTZ 2 (s 10 , 64 bit Build 19041 (10.0.19041.1806) elapsed time: 0.017001 seconds (0d 0h 0m 0s)

---------------  T H R E A D  ---------------

Current thread (0x0000025912d5e600):  JavaThread "Unknown thread" [_thread_in_vm, id=15064, stack(0x000000baa7500000,0x000000baa7600000)]

Stack: [0x000000baa7500000,0x000000baa7600000]
Native frames: (J=compiled Java code, j=interpreted, Vv=VM code, C=native code)
V  [jvm.dll+0x6993ca]
V  [jvm.dll+0x7f481d]
V  [jvm.dll+0x7f612e]
V  [jvm.dll+0x7f67e3]
V  [jvm.dll+0x25cdaf]
V  [jvm.dll+0x696319]
V  [jvm.dll+0x68ae4a]
V  [jvm.dll+0x3223eb]
V  [jvm.dll+0x329dc6]
V  [jvm.dll+0x37eade]
V  [jvm.dll+0x37ed0f]
V  [jvm.dll+0x2fa16a]
V  [jvm.dll+0x2fb1cd]
V  [jvm.dll+0x7c3450]
V  [jvm.dll+0x38be61]
V  [jvm.dll+0x7a2073]
V  [jvm.dll+0x40dc3f]
V  [jvm.dll+0x40f611]
C  [jli.dll+0x526b]
C  [ucrtbase.dll+0x21bb2]
C  [KERNEL32.DLL+0x17034]
C  [ntdll.dll+0x52651]


---------------  P R O C E S S  ---------------

Threads class SMR info:
_java_thread_list=0x00007fff38cae550, length=0, elements={
}

Java Threads: ( => current thread )

Other Threads:
  0x0000025912dbbbc0 WorkerThread "GC Thread#0" [stack: 0x000000baa7600000,0x000000baa7700000] [id=3308]
  0x0000025912dca7b0 ConcurrentGCThread "G1 Main Marker" [stack: 0x000000baa7700000,0x000000baa7800000] [id=8444]
  0x0000025912dcc0c0 WorkerThread "G1 Conc#0" [stack: 0x000000baa7800000,0x000000baa7900000] [id=18892]

[error occurred during error reporting (printing all threads), id 0xc0000005, EXCEPTION_ACCESS_VIOLATION (0xc0000005) at pc=0x00007fff384da707]

VM state: not at safepoint (not fully initialized)

VM Mutex/Monitor currently owned by a thread:  ([mutex/lock_event])
[0x0000025912d5d8a0] Heap_lock - owner thread: 0x0000025912d5e600

Heap address: 0x0000000742600000, size: 3034 MB, Compressed Oops mode: Zero based, Oop shift amount: 3

CDS archive(s) mapped at: [0x0000000000000000-0x0000000000000000-0x0000000000000000), size 0, SharedBaseAddress: 0x0000000800000000, ArchiveRelocationMode: 0.
Narrow klass base: 0x0000000000000000, Narrow klass shift: 0, Narrow klass range: 0x0

GC Precious Log:
 CardTable entry size: 512
 Card Set container configuration: InlinePtr #cards 4 size 8 Array Of Cards #cards 16 size 48 Howl #buckets 8 coarsen threshold 3686 Howl Bitmap #cards 512 size 80 coarsen threshold 460 Card regions per heap region 1 cards per card region 4096

Heap:
 garbage-first heap   total 0K, used 0K [0x0000000742600000, 0x0000000800000000)
  region size 2048K, 0 young (0K), 0 survivors (0K)

[error occurred during error reporting (printing heap information), id 0xc0000005, EXCEPTION_ACCESS_VIOLATION (0xc0000005) at pc=0x00007fff388c1859]

GC Heap History (0 events):
No events

Deoptimization events (0 events):
No events

Classes loaded (0 events):
No events

Classes unloaded (0 events):
No events

Classes redefined (0 events):
No events

Internal exceptions (0 events):
No events

VM Operations (0 events):
No events

Events (1 events):
Event: 0.010 Loaded shared library C:\Users\STANY\.jdks\openjdk-18.0.2\bin\java.dll


Dynamic libraries:
0x00007ff793c10000 - 0x00007ff793c1e000 	C:\Users\STANY\.jdks\openjdk-18.0.2\bin\java.exe
0x00007fff741f0000 - 0x00007fff743e8000 	C:\WINDOWS\SYSTEM32\ntdll.dll
0x00007fff73110000 - 0x00007fff731cd000 	C:\WINDOWS\System32\KERNEL32.DLL
0x00007fff71ee0000 - 0x00007fff721ae000 	C:\WINDOWS\System32\KERNELBASE.dll
0x00007fff71d40000 - 0x00007fff71e40000 	C:\WINDOWS\System32\ucrtbase.dll
0x00007fff6f130000 - 0x00007fff6f147000 	C:\Users\STANY\.jdks\openjdk-18.0.2\bin\jli.dll
0x00007fff6bea0000 - 0x00007fff6beba000 	C:\Users\STANY\.jdks\openjdk-18.0.2\bin\VCRUNTIME140.dll
0x00007fff73740000 - 0x00007fff738e0000 	C:\WINDOWS\System32\USER32.dll
0x00007fff53490000 - 0x00007fff5372a000 	C:\WINDOWS\WinSxS\amd64_microsoft.windows.common-controls_6595b64144ccf1df_6.0.19041.1110_none_60b5254171f9507e\COMCTL32.dll
0x00007fff71d10000 - 0x00007fff71d32000 	C:\WINDOWS\System32\win32u.dll
0x00007fff72cc0000 - 0x00007fff72d5e000 	C:\WINDOWS\System32\msvcrt.dll
0x00007fff738e0000 - 0x00007fff7390a000 	C:\WINDOWS\System32\GDI32.dll
0x00007fff71910000 - 0x00007fff71a1b000 	C:\WINDOWS\System32\gdi32full.dll
0x00007fff71e40000 - 0x00007fff71edd000 	C:\WINDOWS\System32\msvcp_win.dll
0x00007fff731d0000 - 0x00007fff73200000 	C:\WINDOWS\System32\IMM32.DLL
0x00007fff6f120000 - 0x00007fff6f12c000 	C:\Users\STANY\.jdks\openjdk-18.0.2\bin\vcruntime140_1.dll
0x00007fff520e0000 - 0x00007fff5216d000 	C:\Users\STANY\.jdks\openjdk-18.0.2\bin\msvcp140.dll
0x00007fff381d0000 - 0x00007fff38de1000 	C:\Users\STANY\.jdks\openjdk-18.0.2\bin\server\jvm.dll
0x00007fff72750000 - 0x00007fff727fe000 	C:\WINDOWS\System32\ADVAPI32.dll
0x00007fff72bf0000 - 0x00007fff72c8c000 	C:\WINDOWS\System32\sechost.dll
0x00007fff72f10000 - 0x00007fff73035000 	C:\WINDOWS\System32\RPCRT4.dll
0x00007fff72cb0000 - 0x00007fff72cb8000 	C:\WINDOWS\System32\PSAPI.DLL
0x00007fff61f40000 - 0x00007fff61f67000 	C:\WINDOWS\SYSTEM32\WINMM.dll
0x00007fff69670000 - 0x00007fff6967a000 	C:\WINDOWS\SYSTEM32\VERSION.dll
0x00007fff5ffd0000 - 0x00007fff5ffd9000 	C:\WINDOWS\SYSTEM32\WSOCK32.dll
0x00007fff736d0000 - 0x00007fff7373b000 	C:\WINDOWS\System32\WS2_32.dll
0x00007fff6f810000 - 0x00007fff6f822000 	C:\WINDOWS\SYSTEM32\kernel.appcore.dll
0x00007fff6be40000 - 0x00007fff6be4a000 	C:\Users\STANY\.jdks\openjdk-18.0.2\bin\jimage.dll
0x00007fff60dd0000 - 0x00007fff60fb4000 	C:\WINDOWS\SYSTEM32\DBGHELP.DLL
0x00007fff60680000 - 0x00007fff606ac000 	C:\WINDOWS\SYSTEM32\dbgcore.DLL
0x00007fff71c80000 - 0x00007fff71d02000 	C:\WINDOWS\System32\bcryptPrimitives.dll
0x00007fff69e30000 - 0x00007fff69e3e000 	C:\Users\STANY\.jdks\openjdk-18.0.2\bin\instrument.dll
0x00007fff6bc90000 - 0x00007fff6bcb5000 	C:\Users\STANY\.jdks\openjdk-18.0.2\bin\java.dll

dbghelp: loaded successfully - version: 4.0.5 - missing functions: none
symbol engine: initialized successfully - sym options: 0x614 - pdb path: .;C:\Users\STANY\.jdks\openjdk-18.0.2\bin;C:\WINDOWS\SYSTEM32;C:\WINDOWS\WinSxS\amd64_microsoft.windows.common-controls_6595b64144ccf1df_6.0.19041.1110_none_60b5254171f9507e;C:\Users\STANY\.jdks\openjdk-18.0.2\bin\server

VM Arguments:
jvm_args: -ea -Didea.test.cyclic.buffer.size=1048576 -javaagent:C:\Program Files\JetBrains\IntelliJ IDEA Community Edition 2021.1.2\lib\idea_rt.jar=52366:C:\Program Files\JetBrains\IntelliJ IDEA Community Edition 2021.1.2\bin -Dfile.encoding=UTF-8 
java_command: com.intellij.rt.junit.JUnitStarter -ideVersion5 -junit5 com.hillel.berezhnoy.lesson14.ArrayUtilsTest,average
java_class_path (initial): C:\Users\STANY\.m2\repository\org\junit\platform\junit-platform-launcher\1.9.0\junit-platform-launcher-1.9.0.jar;C:\Users\STANY\.m2\repository\org\junit\platform\junit-platform-engine\1.9.0\junit-platform-engine-1.9.0.jar;C:\Users\STANY\.m2\repository\org\junit\jupiter\junit-jupiter-engine\5.9.0\junit-jupiter-engine-5.9.0.jar;C:\Program Files\JetBrains\IntelliJ IDEA Community Edition 2021.1.2\lib\idea_rt.jar;C:\Program Files\JetBrains\IntelliJ IDEA Community Edition 2021.1.2\plugins\junit\lib\junit5-rt.jar;C:\Program Files\JetBrains\IntelliJ IDEA Community Edition 2021.1.2\plugins\junit\lib\junit-rt.jar;C:\Users\STANY\IdeaProjects\HillelHomWork\target\test-classes;C:\Users\STANY\IdeaProjects\HillelHomWork\target\classes;C:\Users\STANY\.m2\repository\org\junit\jupiter\junit-jupiter-api\5.9.0\junit-jupiter-api-5.9.0.jar;C:\Users\STANY\.m2\repository\org\opentest4j\opentest4j\1.2.0\opentest4j-1.2.0.jar;C:\Users\STANY\.m2\repository\org\junit\platform\junit-platform-commons\1.9.0\junit-platform-commons-1.9.0.jar;C:\Users\STANY\.m2\repository\org\apiguardian\apiguardian-api\1.1.2\apiguardian-api-1.1.2.jar
Launcher Type: SUN_STANDARD

[Global flags]
     intx CICompilerCount                          = 4                                         {product} {ergonomic}
     uint ConcGCThreads                            = 2                                         {product} {ergonomic}
     uint G1ConcRefinementThreads                  = 8                                         {product} {ergonomic}
   size_t G1HeapRegionSize                         = 2097152                                   {product} {ergonomic}
    uintx GCDrainStackTargetSize                   = 64                                        {product} {ergonomic}
   size_t InitialHeapSize                          = 199229440                                 {product} {ergonomic}
   size_t MarkStackSize                            = 4194304                                   {product} {ergonomic}
   size_t MaxHeapSize                              = 3181379584                                {product} {ergonomic}
   size_t MinHeapDeltaBytes                        = 2097152                                   {product} {ergonomic}
   size_t MinHeapSize                              = 8388608                                   {product} {ergonomic}
    uintx NonNMethodCodeHeapSize                   = 5839372                                {pd product} {ergonomic}
    uintx NonProfiledCodeHeapSize                  = 122909434                              {pd product} {ergonomic}
    uintx ProfiledCodeHeapSize                     = 122909434                              {pd product} {ergonomic}
    uintx ReservedCodeCacheSize                    = 251658240                              {pd product} {ergonomic}
     bool SegmentedCodeCache                       = true                                      {product} {ergonomic}
   size_t SoftMaxHeapSize                          = 3181379584                             {manageable} {ergonomic}
     bool UseCompressedClassPointers               = true                           {product lp64_product} {ergonomic}
     bool UseCompressedOops                        = true                           {product lp64_product} {ergonomic}
     bool UseG1GC                                  = true                                      {product} {ergonomic}
     bool UseLargePagesIndividualAllocation        = false                                  {pd product} {ergonomic}

Logging:
Log output configuration:
 #0: stdout all=warning uptime,level,tags foldmultilines=false
 #1: stderr all=off uptime,level,tags foldmultilines=false

Environment Variables:
JAVA_HOME=C:\Program Files\Java\jdk-18.0.2
PATH=C:\Program Files\Common Files\Oracle\Java\javapath;C:\Program Files (x86)\Common Files\Oracle\Java\javapath;C:\Program Files (x86)\Intel\Intel(R) Management Engine Components\iCLS\;C:\Program Files\Intel\Intel(R) Management Engine Components\iCLS\;C:\Windows\system32;C:\Windows;C:\Windows\System32\Wbem;C:\Windows\System32\WindowsPowerShell\v1.0\;C:\Program Files (x86)\Intel\Intel(R) Management Engine Components\DAL;C:\Program Files\Intel\Intel(R) Management Engine Components\DAL;C:\Program Files (x86)\Intel\Intel(R) Management Engine Components\IPT;C:\Program Files\Intel\Intel(R) Management Engine Components\IPT;C:\Program Files (x86)\NVIDIA Corporation\PhysX\Common;C:\Program Files\Intel\WiFi\bin\;C:\Program Files\Common Files\Intel\WirelessCommon\;C:\WINDOWS\system32;C:\WINDOWS;C:\WINDOWS\System32\Wbem;C:\WINDOWS\System32\WindowsPowerShell\v1.0\;C:\WINDOWS\System32\OpenSSH\;C:\Program Files\NVIDIA Corporation\NVIDIA NvDLISR;C:\Program Files\Git\cmd;C:\Program Files\apache-maven-3.8.6\bin;C:\Program Files\MySQL\MySQL Shell 8.0\bin\;C:\Windows\System32;C:\Users\STANY\AppData\Local\Programs\Microsoft VS Code\bin
USERNAME=STANY
OS=Windows_NT
PROCESSOR_IDENTIFIER=Intel64 Family 6 Model 158 Stepping 10, GenuineIntel



---------------  S Y S T E M  ---------------

OS:
 Windows 10 , 64 bit Build 19041 (10.0.19041.1806)
OS uptime: 2 days 5:43 hours

CPU: total 8 (initial active 8) (4 cores per cpu, 2 threads per core) family 6 model 158 stepping 10 microcode 0xb4, cx8, cmov, fxsr, ht, mmx, 3dnowpref, sse, sse2, sse3, ssse3, sse4.1, sse4.2, popcnt, lzcnt, tsc, tscinvbit, avx, avx2, aes, erms, clmul, bmi1, bmi2, adx, fma, vzeroupper, clflush, clflushopt

Memory: 4k page, system-wide physical 12130M (2444M free)
TotalPageFile size 24480M (AvailPageFile size 181M)
current process WorkingSet (physical memory assigned to process): 11M, peak: 11M
current process commit charge ("private bytes"): 60M, peak: 250M

vm_info: OpenJDK 64-Bit Server VM (18.0.2+9-61) for windows-amd64 JRE (18.0.2+9-61), built on Jun  7 2022 13:05:59 by "mach5one" with MS VC++ 16.8 / 16.9 (VS2019)

END.
